<?xml version="1.0" encoding="UTF-8"?>
<testsuite xmlns:xsi="http://www.w3.org/2001/XMLSchema-instance" xsi:noNamespaceSchemaLocation="https://maven.apache.org/surefire/maven-surefire-plugin/xsd/surefire-test-report-3.0.xsd" version="3.0" name="TestSuite" time="26.397" tests="3" errors="0" skipped="0" failures="2">
  <properties>
    <property name="sun.desktop" value="windows"/>
    <property name="awt.toolkit" value="sun.awt.windows.WToolkit"/>
    <property name="file.encoding.pkg" value="sun.io"/>
    <property name="java.specification.version" value="1.8"/>
    <property name="webdriver.chrome.driver" value="C:\Users\dasde\Downloads\selenium\chromeDriver\chromedriver.exe"/>
    <property name="sun.cpu.isalist" value="amd64"/>
    <property name="sun.jnu.encoding" value="Cp1252"/>
    <property name="java.class.path" value="C:\Users\dasde\eclipse-workspace\E2EProject\target\test-classes;C:\Users\dasde\eclipse-workspace\E2EProject\target\classes;C:\Users\dasde\.m2\repository\junit\junit\4.11\junit-4.11.jar;C:\Users\dasde\.m2\repository\org\hamcrest\hamcrest-core\1.3\hamcrest-core-1.3.jar;C:\Users\dasde\.m2\repository\org\seleniumhq\selenium\selenium-java\3.4.0\selenium-java-3.4.0.jar;C:\Users\dasde\.m2\repository\org\seleniumhq\selenium\selenium-api\3.4.0\selenium-api-3.4.0.jar;C:\Users\dasde\.m2\repository\org\seleniumhq\selenium\selenium-chrome-driver\3.4.0\selenium-chrome-driver-3.4.0.jar;C:\Users\dasde\.m2\repository\org\seleniumhq\selenium\selenium-edge-driver\3.4.0\selenium-edge-driver-3.4.0.jar;C:\Users\dasde\.m2\repository\org\seleniumhq\selenium\selenium-firefox-driver\3.4.0\selenium-firefox-driver-3.4.0.jar;C:\Users\dasde\.m2\repository\org\seleniumhq\selenium\selenium-ie-driver\3.4.0\selenium-ie-driver-3.4.0.jar;C:\Users\dasde\.m2\repository\org\seleniumhq\selenium\selenium-opera-driver\3.4.0\selenium-opera-driver-3.4.0.jar;C:\Users\dasde\.m2\repository\org\seleniumhq\selenium\selenium-remote-driver\3.4.0\selenium-remote-driver-3.4.0.jar;C:\Users\dasde\.m2\repository\org\seleniumhq\selenium\selenium-safari-driver\3.4.0\selenium-safari-driver-3.4.0.jar;C:\Users\dasde\.m2\repository\org\seleniumhq\selenium\selenium-support\3.4.0\selenium-support-3.4.0.jar;C:\Users\dasde\.m2\repository\cglib\cglib-nodep\3.2.4\cglib-nodep-3.2.4.jar;C:\Users\dasde\.m2\repository\org\apache\commons\commons-exec\1.3\commons-exec-1.3.jar;C:\Users\dasde\.m2\repository\org\apache\commons\commons-lang3\3.5\commons-lang3-3.5.jar;C:\Users\dasde\.m2\repository\commons-codec\commons-codec\1.10\commons-codec-1.10.jar;C:\Users\dasde\.m2\repository\commons-logging\commons-logging\1.2\commons-logging-1.2.jar;C:\Users\dasde\.m2\repository\org\w3c\css\sac\1.3\sac-1.3.jar;C:\Users\dasde\.m2\repository\net\sourceforge\cssparser\cssparser\0.9.22\cssparser-0.9.22.jar;C:\Users\dasde\.m2\repository\com\google\code\gson\gson\2.8.0\gson-2.8.0.jar;C:\Users\dasde\.m2\repository\com\google\guava\guava\21.0\guava-21.0.jar;C:\Users\dasde\.m2\repository\net\sourceforge\htmlunit\htmlunit\2.26\htmlunit-2.26.jar;C:\Users\dasde\.m2\repository\net\sourceforge\htmlunit\htmlunit-core-js\2.26\htmlunit-core-js-2.26.jar;C:\Users\dasde\.m2\repository\net\sourceforge\htmlunit\neko-htmlunit\2.25\neko-htmlunit-2.25.jar;C:\Users\dasde\.m2\repository\org\apache\httpcomponents\httpclient\4.5.3\httpclient-4.5.3.jar;C:\Users\dasde\.m2\repository\org\apache\httpcomponents\httpcore\4.4.6\httpcore-4.4.6.jar;C:\Users\dasde\.m2\repository\org\apache\httpcomponents\httpmime\4.5.3\httpmime-4.5.3.jar;C:\Users\dasde\.m2\repository\org\eclipse\jetty\jetty-io\9.4.1.v20170120\jetty-io-9.4.1.v20170120.jar;C:\Users\dasde\.m2\repository\org\eclipse\jetty\jetty-util\9.4.1.v20170120\jetty-util-9.4.1.v20170120.jar;C:\Users\dasde\.m2\repository\net\java\dev\jna\jna\4.1.0\jna-4.1.0.jar;C:\Users\dasde\.m2\repository\net\java\dev\jna\jna-platform\4.1.0\jna-platform-4.1.0.jar;C:\Users\dasde\.m2\repository\com\codeborne\phantomjsdriver\1.4.0\phantomjsdriver-1.4.0.jar;C:\Users\dasde\.m2\repository\org\seleniumhq\selenium\htmlunit-driver\2.26\htmlunit-driver-2.26.jar;C:\Users\dasde\.m2\repository\javax\servlet\javax.servlet-api\3.1.0\javax.servlet-api-3.1.0.jar;C:\Users\dasde\.m2\repository\org\eclipse\jetty\websocket\websocket-api\9.4.3.v20170317\websocket-api-9.4.3.v20170317.jar;C:\Users\dasde\.m2\repository\org\eclipse\jetty\websocket\websocket-client\9.4.3.v20170317\websocket-client-9.4.3.v20170317.jar;C:\Users\dasde\.m2\repository\org\eclipse\jetty\jetty-client\9.4.3.v20170317\jetty-client-9.4.3.v20170317.jar;C:\Users\dasde\.m2\repository\org\eclipse\jetty\jetty-http\9.4.3.v20170317\jetty-http-9.4.3.v20170317.jar;C:\Users\dasde\.m2\repository\org\eclipse\jetty\websocket\websocket-common\9.4.3.v20170317\websocket-common-9.4.3.v20170317.jar;C:\Users\dasde\.m2\repository\xalan\serializer\2.7.2\serializer-2.7.2.jar;C:\Users\dasde\.m2\repository\xalan\xalan\2.7.2\xalan-2.7.2.jar;C:\Users\dasde\.m2\repository\xerces\xercesImpl\2.11.0\xercesImpl-2.11.0.jar;C:\Users\dasde\.m2\repository\xml-apis\xml-apis\1.4.01\xml-apis-1.4.01.jar;C:\Users\dasde\.m2\repository\org\testng\testng\6.8\testng-6.8.jar;C:\Users\dasde\.m2\repository\org\beanshell\bsh\2.0b4\bsh-2.0b4.jar;C:\Users\dasde\.m2\repository\com\beust\jcommander\1.27\jcommander-1.27.jar;C:\Users\dasde\.m2\repository\org\yaml\snakeyaml\1.6\snakeyaml-1.6.jar;C:\Users\dasde\.m2\repository\org\apache\logging\log4j\log4j-api\2.14.1\log4j-api-2.14.1.jar;C:\Users\dasde\.m2\repository\org\apache\logging\log4j\log4j-core\2.14.1\log4j-core-2.14.1.jar;C:\Users\dasde\.m2\repository\commons-io\commons-io\2.6\commons-io-2.6.jar;C:\Users\dasde\.m2\repository\com\aventstack\extentreports\4.1.4\extentreports-4.1.4.jar;C:\Users\dasde\.m2\repository\org\freemarker\freemarker\2.3.29\freemarker-2.3.29.jar;C:\Users\dasde\.m2\repository\org\mongodb\mongodb-driver\3.12.0\mongodb-driver-3.12.0.jar;C:\Users\dasde\.m2\repository\org\mongodb\mongodb-driver-core\3.12.0\mongodb-driver-core-3.12.0.jar;C:\Users\dasde\.m2\repository\org\mongodb\bson\3.12.0\bson-3.12.0.jar;"/>
    <property name="java.vm.vendor" value="Oracle Corporation"/>
    <property name="sun.arch.data.model" value="64"/>
    <property name="user.variant" value=""/>
    <property name="java.vendor.url" value="http://java.oracle.com/"/>
    <property name="user.timezone" value="Asia/Calcutta"/>
    <property name="java.vm.specification.version" value="1.8"/>
    <property name="os.name" value="Windows 10"/>
    <property name="user.country" value="US"/>
    <property name="sun.java.launcher" value="SUN_STANDARD"/>
    <property name="sun.boot.library.path" value="C:\Program Files\Java\jdk1.8.0_291\jre\bin"/>
    <property name="sun.java.command" value="C:\Users\dasde\AppData\Local\Temp\surefire8257475904670507961\surefirebooter3990224420408462721.jar C:\Users\dasde\AppData\Local\Temp\surefire8257475904670507961 2021-08-03T09-18-11_259-jvmRun1 surefire4559574961176580921tmp surefire_0672606081876721861tmp"/>
    <property name="surefire.test.class.path" value="C:\Users\dasde\eclipse-workspace\E2EProject\target\test-classes;C:\Users\dasde\eclipse-workspace\E2EProject\target\classes;C:\Users\dasde\.m2\repository\junit\junit\4.11\junit-4.11.jar;C:\Users\dasde\.m2\repository\org\hamcrest\hamcrest-core\1.3\hamcrest-core-1.3.jar;C:\Users\dasde\.m2\repository\org\seleniumhq\selenium\selenium-java\3.4.0\selenium-java-3.4.0.jar;C:\Users\dasde\.m2\repository\org\seleniumhq\selenium\selenium-api\3.4.0\selenium-api-3.4.0.jar;C:\Users\dasde\.m2\repository\org\seleniumhq\selenium\selenium-chrome-driver\3.4.0\selenium-chrome-driver-3.4.0.jar;C:\Users\dasde\.m2\repository\org\seleniumhq\selenium\selenium-edge-driver\3.4.0\selenium-edge-driver-3.4.0.jar;C:\Users\dasde\.m2\repository\org\seleniumhq\selenium\selenium-firefox-driver\3.4.0\selenium-firefox-driver-3.4.0.jar;C:\Users\dasde\.m2\repository\org\seleniumhq\selenium\selenium-ie-driver\3.4.0\selenium-ie-driver-3.4.0.jar;C:\Users\dasde\.m2\repository\org\seleniumhq\selenium\selenium-opera-driver\3.4.0\selenium-opera-driver-3.4.0.jar;C:\Users\dasde\.m2\repository\org\seleniumhq\selenium\selenium-remote-driver\3.4.0\selenium-remote-driver-3.4.0.jar;C:\Users\dasde\.m2\repository\org\seleniumhq\selenium\selenium-safari-driver\3.4.0\selenium-safari-driver-3.4.0.jar;C:\Users\dasde\.m2\repository\org\seleniumhq\selenium\selenium-support\3.4.0\selenium-support-3.4.0.jar;C:\Users\dasde\.m2\repository\cglib\cglib-nodep\3.2.4\cglib-nodep-3.2.4.jar;C:\Users\dasde\.m2\repository\org\apache\commons\commons-exec\1.3\commons-exec-1.3.jar;C:\Users\dasde\.m2\repository\org\apache\commons\commons-lang3\3.5\commons-lang3-3.5.jar;C:\Users\dasde\.m2\repository\commons-codec\commons-codec\1.10\commons-codec-1.10.jar;C:\Users\dasde\.m2\repository\commons-logging\commons-logging\1.2\commons-logging-1.2.jar;C:\Users\dasde\.m2\repository\org\w3c\css\sac\1.3\sac-1.3.jar;C:\Users\dasde\.m2\repository\net\sourceforge\cssparser\cssparser\0.9.22\cssparser-0.9.22.jar;C:\Users\dasde\.m2\repository\com\google\code\gson\gson\2.8.0\gson-2.8.0.jar;C:\Users\dasde\.m2\repository\com\google\guava\guava\21.0\guava-21.0.jar;C:\Users\dasde\.m2\repository\net\sourceforge\htmlunit\htmlunit\2.26\htmlunit-2.26.jar;C:\Users\dasde\.m2\repository\net\sourceforge\htmlunit\htmlunit-core-js\2.26\htmlunit-core-js-2.26.jar;C:\Users\dasde\.m2\repository\net\sourceforge\htmlunit\neko-htmlunit\2.25\neko-htmlunit-2.25.jar;C:\Users\dasde\.m2\repository\org\apache\httpcomponents\httpclient\4.5.3\httpclient-4.5.3.jar;C:\Users\dasde\.m2\repository\org\apache\httpcomponents\httpcore\4.4.6\httpcore-4.4.6.jar;C:\Users\dasde\.m2\repository\org\apache\httpcomponents\httpmime\4.5.3\httpmime-4.5.3.jar;C:\Users\dasde\.m2\repository\org\eclipse\jetty\jetty-io\9.4.1.v20170120\jetty-io-9.4.1.v20170120.jar;C:\Users\dasde\.m2\repository\org\eclipse\jetty\jetty-util\9.4.1.v20170120\jetty-util-9.4.1.v20170120.jar;C:\Users\dasde\.m2\repository\net\java\dev\jna\jna\4.1.0\jna-4.1.0.jar;C:\Users\dasde\.m2\repository\net\java\dev\jna\jna-platform\4.1.0\jna-platform-4.1.0.jar;C:\Users\dasde\.m2\repository\com\codeborne\phantomjsdriver\1.4.0\phantomjsdriver-1.4.0.jar;C:\Users\dasde\.m2\repository\org\seleniumhq\selenium\htmlunit-driver\2.26\htmlunit-driver-2.26.jar;C:\Users\dasde\.m2\repository\javax\servlet\javax.servlet-api\3.1.0\javax.servlet-api-3.1.0.jar;C:\Users\dasde\.m2\repository\org\eclipse\jetty\websocket\websocket-api\9.4.3.v20170317\websocket-api-9.4.3.v20170317.jar;C:\Users\dasde\.m2\repository\org\eclipse\jetty\websocket\websocket-client\9.4.3.v20170317\websocket-client-9.4.3.v20170317.jar;C:\Users\dasde\.m2\repository\org\eclipse\jetty\jetty-client\9.4.3.v20170317\jetty-client-9.4.3.v20170317.jar;C:\Users\dasde\.m2\repository\org\eclipse\jetty\jetty-http\9.4.3.v20170317\jetty-http-9.4.3.v20170317.jar;C:\Users\dasde\.m2\repository\org\eclipse\jetty\websocket\websocket-common\9.4.3.v20170317\websocket-common-9.4.3.v20170317.jar;C:\Users\dasde\.m2\repository\xalan\serializer\2.7.2\serializer-2.7.2.jar;C:\Users\dasde\.m2\repository\xalan\xalan\2.7.2\xalan-2.7.2.jar;C:\Users\dasde\.m2\repository\xerces\xercesImpl\2.11.0\xercesImpl-2.11.0.jar;C:\Users\dasde\.m2\repository\xml-apis\xml-apis\1.4.01\xml-apis-1.4.01.jar;C:\Users\dasde\.m2\repository\org\testng\testng\6.8\testng-6.8.jar;C:\Users\dasde\.m2\repository\org\beanshell\bsh\2.0b4\bsh-2.0b4.jar;C:\Users\dasde\.m2\repository\com\beust\jcommander\1.27\jcommander-1.27.jar;C:\Users\dasde\.m2\repository\org\yaml\snakeyaml\1.6\snakeyaml-1.6.jar;C:\Users\dasde\.m2\repository\org\apache\logging\log4j\log4j-api\2.14.1\log4j-api-2.14.1.jar;C:\Users\dasde\.m2\repository\org\apache\logging\log4j\log4j-core\2.14.1\log4j-core-2.14.1.jar;C:\Users\dasde\.m2\repository\commons-io\commons-io\2.6\commons-io-2.6.jar;C:\Users\dasde\.m2\repository\com\aventstack\extentreports\4.1.4\extentreports-4.1.4.jar;C:\Users\dasde\.m2\repository\org\freemarker\freemarker\2.3.29\freemarker-2.3.29.jar;C:\Users\dasde\.m2\repository\org\mongodb\mongodb-driver\3.12.0\mongodb-driver-3.12.0.jar;C:\Users\dasde\.m2\repository\org\mongodb\mongodb-driver-core\3.12.0\mongodb-driver-core-3.12.0.jar;C:\Users\dasde\.m2\repository\org\mongodb\bson\3.12.0\bson-3.12.0.jar;"/>
    <property name="sun.cpu.endian" value="little"/>
    <property name="user.home" value="C:\Users\dasde"/>
    <property name="user.language" value="en"/>
    <property name="java.specification.vendor" value="Oracle Corporation"/>
    <property name="java.home" value="C:\Program Files\Java\jdk1.8.0_291\jre"/>
    <property name="basedir" value="C:\Users\dasde\eclipse-workspace\E2EProject"/>
    <property name="file.separator" value="\"/>
    <property name="line.separator" value="&#10;"/>
    <property name="java.vm.specification.vendor" value="Oracle Corporation"/>
    <property name="java.specification.name" value="Java Platform API Specification"/>
    <property name="java.awt.graphicsenv" value="sun.awt.Win32GraphicsEnvironment"/>
    <property name="surefire.real.class.path" value="C:\Users\dasde\AppData\Local\Temp\surefire8257475904670507961\surefirebooter3990224420408462721.jar"/>
    <property name="sun.boot.class.path" value="C:\Program Files\Java\jdk1.8.0_291\jre\lib\resources.jar;C:\Program Files\Java\jdk1.8.0_291\jre\lib\rt.jar;C:\Program Files\Java\jdk1.8.0_291\jre\lib\sunrsasign.jar;C:\Program Files\Java\jdk1.8.0_291\jre\lib\jsse.jar;C:\Program Files\Java\jdk1.8.0_291\jre\lib\jce.jar;C:\Program Files\Java\jdk1.8.0_291\jre\lib\charsets.jar;C:\Program Files\Java\jdk1.8.0_291\jre\lib\jfr.jar;C:\Program Files\Java\jdk1.8.0_291\jre\classes"/>
    <property name="user.script" value=""/>
    <property name="sun.management.compiler" value="HotSpot 64-Bit Tiered Compilers"/>
    <property name="java.runtime.version" value="1.8.0_291-b10"/>
    <property name="user.name" value="dasde"/>
    <property name="path.separator" value=";"/>
    <property name="os.version" value="10.0"/>
    <property name="java.endorsed.dirs" value="C:\Program Files\Java\jdk1.8.0_291\jre\lib\endorsed"/>
    <property name="java.runtime.name" value="Java(TM) SE Runtime Environment"/>
    <property name="file.encoding" value="Cp1252"/>
    <property name="java.vm.name" value="Java HotSpot(TM) 64-Bit Server VM"/>
    <property name="localRepository" value="C:\Users\dasde\.m2\repository"/>
    <property name="java.vendor.url.bug" value="http://bugreport.sun.com/bugreport/"/>
    <property name="java.io.tmpdir" value="C:\Users\dasde\AppData\Local\Temp\"/>
    <property name="java.version" value="1.8.0_291"/>
    <property name="user.dir" value="C:\Users\dasde\eclipse-workspace\E2EProject"/>
    <property name="os.arch" value="amd64"/>
    <property name="java.vm.specification.name" value="Java Virtual Machine Specification"/>
    <property name="java.awt.printerjob" value="sun.awt.windows.WPrinterJob"/>
    <property name="sun.os.patch.level" value=""/>
    <property name="java.library.path" value="C:\Program Files\Java\jdk1.8.0_291\jre\bin;C:\WINDOWS\Sun\Java\bin;C:\WINDOWS\system32;C:\WINDOWS;C:/Program Files/Java/jre1.8.0_291/bin/server;C:/Program Files/Java/jre1.8.0_291/bin;C:/Program Files/Java/jre1.8.0_291/lib/amd64;C:\Program Files (x86)\Common Files\Oracle\Java\javapath;C:\Program Files (x86)\TRICENTIS\Tosca Testsuite\Classic;C:\Program Files (x86)\TRICENTIS\Tosca Testsuite\Classic;C:\Program Files (x86)\TRICENTIS\Tosca Testsuite\Classic\dll;C:\Program Files (x86)\TRICENTIS\Tosca Testsuite\Classic\dll\GuptaEngine;C:\Program Files (x86)\TRICENTIS\Tosca Testsuite\ToscaCommander;C:\Program Files (x86)\TRICENTIS\Tosca Testsuite\Classic\dll\DelphiEngine;C:\Program Files (x86)\TRICENTIS\Tosca Testsuite\Classic\dll\PBEngine;C:\Program Files (x86)\TRICENTIS\Tosca Testsuite\Classic\dll\VBEngine;C:\Program Files (x86)\TRICENTIS\Tosca Testsuite\Classic\dll\DotNetHooking;;C:\Program Files (x86)\TRICENTIS\Tosca Testsuite\TBox\Resources\Mobile\Tools;C:\Windows\system32;C:\Windows;C:\Windows\System32\Wbem;C:\Windows\System32\WindowsPowerShell\v1.0\;C:\Windows\System32\OpenSSH\;C:\Program Files\NVIDIA Corporation\NVIDIA NvDLISR;C:\Program Files (x86)\NVIDIA Corporation\PhysX\Common;C:\Program Files\dotnet\;C:\Program Files (x86)\dotnet\;C:\WINDOWS\system32;C:\WINDOWS;C:\WINDOWS\System32\Wbem;C:\WINDOWS\System32\WindowsPowerShell\v1.0\;C:\WINDOWS\System32\OpenSSH\;C:\Program Files\Java\jdk1.8.0_291\bin;C:\Program Files\apache-maven-3.5.0\bin;C:\Program Files\MySQL\MySQL Utilities 1.6\;C:\Users\dasde\AppData\Local\Microsoft\WindowsApps;;C:\WINDOWS\System32;;."/>
    <property name="java.vm.info" value="mixed mode"/>
    <property name="java.vendor" value="Oracle Corporation"/>
    <property name="java.vm.version" value="25.291-b10"/>
    <property name="java.ext.dirs" value="C:\Program Files\Java\jdk1.8.0_291\jre\lib\ext;C:\WINDOWS\Sun\Java\lib\ext"/>
    <property name="sun.io.unicode.encoding" value="UnicodeLittle"/>
    <property name="java.class.version" value="52.0"/>
  </properties>
  <testcase name="basePageNavigation[nonrestricteduser, hello, test](1)" classname="Academy.HomePage" time="9.375">
    <failure message="element click intercepted: Element &lt;span&gt;...&lt;/span&gt; is not clickable at point (1889, 16). Other element would receive the click: &lt;div class=&quot;listbuilder-popup-content&quot;&gt;...&lt;/div&gt;&#10;  (Session info: chrome=92.0.4515.107)&#10;Build info: version: &apos;3.4.0&apos;, revision: &apos;unknown&apos;, time: &apos;unknown&apos;&#10;System info: host: &apos;DESKTOP-58RA2F2&apos;, ip: &apos;10.0.0.202&apos;, os.name: &apos;Windows 10&apos;, os.arch: &apos;amd64&apos;, os.version: &apos;10.0&apos;, java.version: &apos;1.8.0_291&apos;&#10;Driver info: org.openqa.selenium.chrome.ChromeDriver&#10;Capabilities [{networkConnectionEnabled=false, chrome={chromedriverVersion=91.0.4472.101 (af52a90bf87030dd1523486a1cd3ae25c5d76c9b-refs/branch-heads/4472@{#1462}), userDataDir=C:\Users\dasde\AppData\Local\Temp\scoped_dir23644_716748999}, timeouts={implicit=0.0, pageLoad=300000.0, script=30000.0}, pageLoadStrategy=normal, unhandledPromptBehavior=dismiss and notify, strictFileInteractability=false, platform=ANY, proxy=Proxy(), goog:chromeOptions={debuggerAddress=localhost:49599}, acceptInsecureCerts=false, browserVersion=92.0.4515.107, browserName=chrome, javascriptEnabled=true, platformName=windows, setWindowRect=true, webauthn:extension:largeBlob=true, webauthn:virtualAuthenticators=true}]&#10;Session ID: 36867783b7ae87463da4d8611aa72315" type="org.openqa.selenium.WebDriverException"><![CDATA[org.openqa.selenium.WebDriverException: 
element click intercepted: Element <span>...</span> is not clickable at point (1889, 16). Other element would receive the click: <div class="listbuilder-popup-content">...</div>
  (Session info: chrome=92.0.4515.107)
Build info: version: '3.4.0', revision: 'unknown', time: 'unknown'
System info: host: 'DESKTOP-58RA2F2', ip: '10.0.0.202', os.name: 'Windows 10', os.arch: 'amd64', os.version: '10.0', java.version: '1.8.0_291'
Driver info: org.openqa.selenium.chrome.ChromeDriver
Capabilities [{networkConnectionEnabled=false, chrome={chromedriverVersion=91.0.4472.101 (af52a90bf87030dd1523486a1cd3ae25c5d76c9b-refs/branch-heads/4472@{#1462}), userDataDir=C:\Users\dasde\AppData\Local\Temp\scoped_dir23644_716748999}, timeouts={implicit=0.0, pageLoad=300000.0, script=30000.0}, pageLoadStrategy=normal, unhandledPromptBehavior=dismiss and notify, strictFileInteractability=false, platform=ANY, proxy=Proxy(), goog:chromeOptions={debuggerAddress=localhost:49599}, acceptInsecureCerts=false, browserVersion=92.0.4515.107, browserName=chrome, javascriptEnabled=true, platformName=windows, setWindowRect=true, webauthn:extension:largeBlob=true, webauthn:virtualAuthenticators=true}]
Session ID: 36867783b7ae87463da4d8611aa72315
	at Academy.HomePage.basePageNavigation(HomePage.java:34)
]]></failure>
    <system-err><![CDATA[Starting ChromeDriver 91.0.4472.101 (af52a90bf87030dd1523486a1cd3ae25c5d76c9b-refs/branch-heads/4472@{#1462}) on port 45592
Only local connections are allowed.
Please see https://chromedriver.chromium.org/security-considerations for suggestions on keeping ChromeDriver safe.
ChromeDriver was started successfully.
[1627962494.937][WARNING]: This version of ChromeDriver has not been tested with Chrome version 92.
Aug 03, 2021 9:18:15 AM org.openqa.selenium.remote.ProtocolHandshake createSession
INFO: Detected dialect: W3C
]]></system-err>
  </testcase>
  <testcase name="basePageNavigation[restricteduser, helloworld, texting](2)" classname="Academy.HomePage" time="3.199">
    <system-out><![CDATA[texting
]]></system-out>
  </testcase>
  <testcase name="validateTitle" classname="Academy.validateTitle" time="0.189">
    <failure message="expected [FEATUREDCOURSES] but found [FEATURED COURSES]" type="java.lang.AssertionError"><![CDATA[java.lang.AssertionError: expected [FEATUREDCOURSES] but found [FEATURED COURSES]
	at Academy.validateTitle.validateTitle(validateTitle.java:39)
]]></failure>
    <system-err><![CDATA[Starting ChromeDriver 91.0.4472.101 (af52a90bf87030dd1523486a1cd3ae25c5d76c9b-refs/branch-heads/4472@{#1462}) on port 27613
Only local connections are allowed.
Please see https://chromedriver.chromium.org/security-considerations for suggestions on keeping ChromeDriver safe.
ChromeDriver was started successfully.
[1627962510.279][WARNING]: This version of ChromeDriver has not been tested with Chrome version 92.
Aug 03, 2021 9:18:30 AM org.openqa.selenium.remote.ProtocolHandshake createSession
INFO: Detected dialect: W3C
]]></system-err>
  </testcase>
</testsuite>