<?xml version="1.0" encoding="UTF-8"?>
<!-- Generated by org.testng.reporters.JUnitReportReporter -->
<testsuite hostname="DESKTOP-58RA2F2" name="Academy.HomePage" tests="2" failures="0" timestamp="26 Jul 2021 03:17:55 GMT" time="9.768" errors="0">
  <testcase name="basePageNavigation" time="1.698" classname="Academy.HomePage"/>
  <testcase name="basePageNavigation" time="8.070" classname="Academy.HomePage"/>
</testsuite> <!-- Academy.HomePage -->
